[src_library_not_exported] 2024-03-23T17:23:48.682574 Plugin src_library_not_exported threw while analyzing /home/sky/repo/dart-packages/serverpod_json_rpc_2/serverpod_json_rpc_2_server/lib/src/models/json_rpc_2_message.dart:
[src_library_not_exported] 2024-03-23T17:23:48.682574 InconsistentAnalysisException: Requested result might be inconsistent with previously returned results
[src_library_not_exported] 2024-03-23T17:23:48.682574
[src_library_not_exported] 2024-03-23T17:23:48.682574 #0      AnalysisSessionImpl.checkConsistency (package:analyzer/src/dart/analysis/session.dart:54:7)
[src_library_not_exported] 2024-03-23T17:23:48.682574 #1      AnalysisSessionImpl.getResolvedUnit (package:analyzer/src/dart/analysis/session.dart:129:5)
[src_library_not_exported] 2024-03-23T17:23:48.682574 #2      SrcLibraryNotExported._loadCompilationUnit (package:dart_test_tools/src/custom_lint/lints/src_library_not_exported.dart:174:52)
[src_library_not_exported] 2024-03-23T17:23:48.682574 #3      SrcLibraryNotExported._scanForExports (package:dart_test_tools/src/custom_lint/lints/src_library_not_exported.dart:148:24)
[src_library_not_exported] 2024-03-23T17:23:48.682574 #4      SrcLibraryNotExported._scanForExports (package:dart_test_tools/src/custom_lint/lints/src_library_not_exported.dart:166:11)
[src_library_not_exported] 2024-03-23T17:23:48.682574 <asynchronous suspension>
[src_library_not_exported] 2024-03-23T17:23:48.682574 #5      Future.wait.<anonymous closure> (dart:async/future.dart:518:21)
[src_library_not_exported] 2024-03-23T17:23:48.682574 <asynchronous suspension>
[src_library_not_exported] 2024-03-23T17:23:48.682574 #6      SrcLibraryNotExported._loadPackageExports (package:dart_test_tools/src/custom_lint/lints/src_library_not_exported.dart:117:5)
[src_library_not_exported] 2024-03-23T17:23:48.682574 <asynchronous suspension>
[src_library_not_exported] 2024-03-23T17:23:48.682574 #7      SrcLibraryNotExported.startUp.<anonymous closure> (package:dart_test_tools/src/custom_lint/lints/src_library_not_exported.dart:50:42)
[src_library_not_exported] 2024-03-23T17:23:48.682574 <asynchronous suspension>
[src_library_not_exported] 2024-03-23T17:23:48.682574 #8      objectSynchronized.<anonymous closure> (package:synchronized/src/extension_impl.dart:37:18)
[src_library_not_exported] 2024-03-23T17:23:48.682574 <asynchronous suspension>
[src_library_not_exported] 2024-03-23T17:23:48.682574 #9      BasicLock.synchronized (package:synchronized/src/basic_lock.dart:33:16)
[src_library_not_exported] 2024-03-23T17:23:48.682574 <asynchronous suspension>
[src_library_not_exported] 2024-03-23T17:23:48.682574 #10     objectSynchronized (package:synchronized/src/extension_impl.dart:34:12)
[src_library_not_exported] 2024-03-23T17:23:48.682574 <asynchronous suspension>
[src_library_not_exported] 2024-03-23T17:23:48.682574 #11     SrcLibraryNotExported.startUp (package:dart_test_tools/src/custom_lint/lints/src_library_not_exported.dart:48:30)
[src_library_not_exported] 2024-03-23T17:23:48.682574 <asynchronous suspension>
[src_library_not_exported] 2024-03-23T17:23:48.682574 #12     _AsyncCompleter.complete (dart:async/future_impl.dart:41:3)
[src_library_not_exported] 2024-03-23T17:23:48.682574 <asynchronous suspension>
[src_library_not_exported] 2024-03-23T17:23:48.682574
The request analysis.setContextRoots failed with the following error:
RequestErrorCode.PLUGIN_ERROR
A request threw the exception:InconsistentAnalysisException: Requested result might be inconsistent with previously returned results

#0      AnalysisSessionImpl.checkConsistency (package:analyzer/src/dart/analysis/session.dart:54:7)
#1      AnalysisSessionImpl.getResolvedUnit (package:analyzer/src/dart/analysis/session.dart:129:5)
#2      SrcLibraryNotExported._loadCompilationUnit (package:dart_test_tools/src/custom_lint/lints/src_library_not_exported.dart:174:52)
#3      SrcLibraryNotExported._scanForExports (package:dart_test_tools/src/custom_lint/lints/src_library_not_exported.dart:148:24)
#4      SrcLibraryNotExported._scanForExports (package:dart_test_tools/src/custom_lint/lints/src_library_not_exported.dart:166:11)
<asynchronous suspension>
#5      Future.wait.<anonymous closure> (dart:async/future.dart:518:21)
<asynchronous suspension>
#6      SrcLibraryNotExported._loadPackageExports (package:dart_test_tools/src/custom_lint/lints/src_library_not_exported.dart:117:5)
<asynchronous suspension>
#7      SrcLibraryNotExported.startUp.<anonymous closure> (package:dart_test_tools/src/custom_lint/lints/src_library_not_exported.dart:50:42)
<asynchronous suspension>
#8      objectSynchronized.<anonymous closure> (package:synchronized/src/extension_impl.dart:37:18)
<asynchronous suspension>
#9      BasicLock.synchronized (package:synchronized/src/basic_lock.dart:33:16)
<asynchronous suspension>
#10     objectSynchronized (package:synchronized/src/extension_impl.dart:34:12)
<asynchronous suspension>
#11     SrcLibraryNotExported.startUp (package:dart_test_tools/src/custom_lint/lints/src_library_not_exported.dart:48:30)
<asynchronous suspension>
#12     _AsyncCompleter.complete (dart:async/future_impl.dart:41:3)
<asynchronous suspension>

at:
#0      SocketCustomLintServerToClientChannel.sendCustomLintRequest.<anonymous closure> (package:custom_lint/src/v2/server_to_client_channel.dart:268:11)
#1      _$CustomLintResponseAnalyzerPluginResponseImpl.map (package:custom_lint/src/v2/protocol.freezed.dart:928:34)
#2      SocketCustomLintServerToClientChannel.sendCustomLintRequest (package:custom_lint/src/v2/server_to_client_channel.dart:262:14)
<asynchronous suspension>
#3      SocketCustomLintServerToClientChannel.sendAnalyzerPluginRequest (package:custom_lint/src/v2/server_to_client_channel.dart:234:22)
<asynchronous suspension>
#4      Future.wait.<anonymous closure> (dart:async/future.dart:518:21)
<asynchronous suspension>
#5      SocketCustomLintServerToClientChannel.init (package:custom_lint/src/v2/server_to_client_channel.dart:126:5)
<asynchronous suspension>
#6      CustomLintServer._maybeSpawnCustomLintPlugin (package:custom_lint/src/v2/custom_lint_analyzer_plugin.dart:392:5)
<asynchronous suspension>
#7      CustomLintServer._handleAnalysisSetContextRoots.<anonymous closure> (package:custom_lint/src/v2/custom_lint_analyzer_plugin.dart:339:9)
<asynchronous suspension>
#8      PendingOperation.run (package:custom_lint/src/async_operation.dart:22:14)
<asynchronous suspension>
#9      CustomLintServer._handleRequest (package:custom_lint/src/v2/custom_lint_analyzer_plugin.dart:171:22)
<asynchronous suspension>

